<?xml version="1.0" encoding="UTF-8"?>
<!-- Generated by org.testng.reporters.JUnitXMLReporter -->
<testsuite ignored="0" hostname="DESKTOP-K0KFVFH" failures="0" tests="3" name="Default test" time="22.408" errors="0" timestamp="2024-05-20T17:03:16 IST">
  <testcase classname="com.OrangeHRMApplication_WepPages_Test.LoginPage_Test" name="loginpage_loginPannel_Validatiion_Test" time="0.624"/>
  <testcase classname="com.OrangeHRMApplication_WepPages_Test.LoginPage_Test" name="loginPage_Title_Validation_Test" time="0.161"/>
  <testcase classname="com.OrangeHRMApplication_WepPages_Test.LoginPage_Test" name="OHRM_Login_Validation_Test" time="18.205"/>
</testsuite> <!-- Default test -->
