<?xml version="1.0" encoding="UTF-8"?>
<testng-results ignored="0" total="3" passed="3" failed="0" skipped="0">
  <reporter-output>
  </reporter-output>
  <suite started-at="2024-05-20T17:02:53 IST" name="Default suite" finished-at="2024-05-20T17:03:16 IST" duration-ms="22408">
    <groups>
    </groups>
    <test started-at="2024-05-20T17:02:53 IST" name="Default test" finished-at="2024-05-20T17:03:16 IST" duration-ms="22408">
      <class name="com.OrangeHRMApplication_WepPages_Test.LoginPage_Test">
        <test-method is-config="true" signature="applicationLaunch()[pri:0, instance:com.OrangeHRMApplication_WepPages_Test.LoginPage_Test@25a6944c]" started-at="2024-05-20T17:02:53 IST" name="applicationLaunch" finished-at="2024-05-20T17:02:57 IST" duration-ms="3143" status="PASS">
          <reporter-output>
          </reporter-output>
        </test-method> <!-- applicationLaunch -->
        <test-method signature="loginpage_loginPannel_Validatiion_Test()[pri:1, instance:com.OrangeHRMApplication_WepPages_Test.LoginPage_Test@25a6944c]" started-at="2024-05-20T17:02:57 IST" name="loginpage_loginPannel_Validatiion_Test" finished-at="2024-05-20T17:02:57 IST" duration-ms="624" status="PASS">
          <reporter-output>
          </reporter-output>
        </test-method> <!-- loginpage_loginPannel_Validatiion_Test -->
        <test-method signature="loginPage_Title_Validation_Test()[pri:2, instance:com.OrangeHRMApplication_WepPages_Test.LoginPage_Test@25a6944c]" started-at="2024-05-20T17:02:57 IST" name="loginPage_Title_Validation_Test" finished-at="2024-05-20T17:02:57 IST" duration-ms="161" status="PASS">
          <reporter-output>
          </reporter-output>
        </test-method> <!-- loginPage_Title_Validation_Test -->
        <test-method signature="OHRM_Login_Validation_Test()[pri:3, instance:com.OrangeHRMApplication_WepPages_Test.LoginPage_Test@25a6944c]" started-at="2024-05-20T17:02:57 IST" name="OHRM_Login_Validation_Test" finished-at="2024-05-20T17:03:16 IST" duration-ms="18205" status="PASS">
          <reporter-output>
          </reporter-output>
        </test-method> <!-- OHRM_Login_Validation_Test -->
        <test-method is-config="true" signature="applicationClose()[pri:0, instance:com.OrangeHRMApplication_WepPages_Test.LoginPage_Test@25a6944c]" started-at="2024-05-20T17:03:16 IST" name="applicationClose" finished-at="2024-05-20T17:03:16 IST" duration-ms="168" status="PASS">
          <reporter-output>
          </reporter-output>
        </test-method> <!-- applicationClose -->
      </class> <!-- com.OrangeHRMApplication_WepPages_Test.LoginPage_Test -->
    </test> <!-- Default test -->
  </suite> <!-- Default suite -->
</testng-results>
