<?xml version="1.0" encoding="UTF-8"?>
<!-- Generated by org.testng.reporters.JUnitXMLReporter -->
<testsuite ignored="0" hostname="DESKTOP-K0KFVFH" failures="0" tests="7" name="AddEmployeeTest" time="25.109" errors="0" timestamp="2024-05-15T19:03:18 IST">
  <testcase classname="com.OHRM_Testing.AddEmployee_Validation_Excel_TestNG" name="oHRM_LOginpage_Validation" time="0.244"/>
  <testcase classname="com.OHRM_Testing.AddEmployee_Validation_Excel_TestNG" name="oHRM_LoginPage_Test" time="2.097"/>
  <testcase classname="com.OHRM_Testing.AddEmployee_Validation_Excel_TestNG" name="oHRM_Homepage_Validation" time="0.077"/>
  <testcase classname="com.OHRM_Testing.AddEmployee_Validation_Excel_TestNG" name="addEmployeePage_Validation" time="1.839"/>
  <testcase classname="com.OHRM_Testing.AddEmployee_Validation_Excel_TestNG" name="addEmployeePage_Test" time="11.955"/>
  <testcase classname="com.OHRM_Testing.AddEmployee_Validation_Excel_TestNG" name="logout_Test" time="6.322"/>
  <testcase classname="com.OHRM_Testing.AddEmployee_Validation_Excel_TestNG" name="loginPage_Validation_AfterLogout" time="0.139"/>
</testsuite> <!-- AddEmployeeTest -->
