<?xml version="1.0" encoding="UTF-8"?>
<!-- Generated by org.testng.reporters.JUnitXMLReporter -->
<testsuite ignored="0" hostname="DESKTOP-K0KFVFH" failures="0" tests="2" name="LoginTest" time="34.562" errors="0" timestamp="2024-05-16T18:57:09 IST">
  <testcase classname="com.OHRM_Testing.OHRM_LoginFunctionality_Validation_TestNG" name="loginpage_Validation" time="1.076"/>
  <testcase classname="com.OHRM_Testing.OHRM_LoginFunctionality_Validation_TestNG" name="oHRM_Login_Test" time="29.26"/>
</testsuite> <!-- LoginTest -->
