<?xml version="1.0" encoding="UTF-8"?>
<!-- Generated by org.testng.reporters.JUnitXMLReporter -->
<testsuite ignored="0" hostname="DESKTOP-K0KFVFH" failures="0" tests="7" name="Default test" time="27.054" errors="0" timestamp="2024-05-15T16:51:37 IST">
  <testcase classname="com.OrangeHRMApplication_Testcases.AddEmployee_Validation_Excel_TestNG" name="oHRM_LOginpage_Validation" time="1.11"/>
  <testcase classname="com.OrangeHRMApplication_Testcases.AddEmployee_Validation_Excel_TestNG" name="oHRM_LoginPage_Test" time="2.29"/>
  <testcase classname="com.OrangeHRMApplication_Testcases.AddEmployee_Validation_Excel_TestNG" name="oHRM_Homepage_Validation" time="0.081"/>
  <testcase classname="com.OrangeHRMApplication_Testcases.AddEmployee_Validation_Excel_TestNG" name="addEmployeePage_Validation" time="1.285"/>
  <testcase classname="com.OrangeHRMApplication_Testcases.AddEmployee_Validation_Excel_TestNG" name="addEmployeePage_Test" time="12.333"/>
  <testcase classname="com.OrangeHRMApplication_Testcases.AddEmployee_Validation_Excel_TestNG" name="logout_Test" time="6.013"/>
  <testcase classname="com.OrangeHRMApplication_Testcases.AddEmployee_Validation_Excel_TestNG" name="loginPage_Validation_AfterLogout" time="0.214"/>
</testsuite> <!-- Default test -->
