<?xml version="1.0" encoding="UTF-8"?>
<!-- Generated by org.testng.reporters.JUnitXMLReporter -->
<testsuite ignored="0" hostname="DESKTOP-K0KFVFH" failures="0" tests="7" name="AddEmployeeTest" time="28.501" errors="0" timestamp="2024-05-15T17:01:10 IST">
  <testcase classname="com.OrangeHRMApplication_Testcases.AddEmployee_Validation_Excel_TestNG" name="oHRM_LOginpage_Validation" time="1.112"/>
  <testcase classname="com.OrangeHRMApplication_Testcases.AddEmployee_Validation_Excel_TestNG" name="oHRM_LoginPage_Test" time="2.877"/>
  <testcase classname="com.OrangeHRMApplication_Testcases.AddEmployee_Validation_Excel_TestNG" name="oHRM_Homepage_Validation" time="0.069"/>
  <testcase classname="com.OrangeHRMApplication_Testcases.AddEmployee_Validation_Excel_TestNG" name="addEmployeePage_Validation" time="1.273"/>
  <testcase classname="com.OrangeHRMApplication_Testcases.AddEmployee_Validation_Excel_TestNG" name="addEmployeePage_Test" time="12.997"/>
  <testcase classname="com.OrangeHRMApplication_Testcases.AddEmployee_Validation_Excel_TestNG" name="logout_Test" time="6.06"/>
  <testcase classname="com.OrangeHRMApplication_Testcases.AddEmployee_Validation_Excel_TestNG" name="loginPage_Validation_AfterLogout" time="0.217"/>
</testsuite> <!-- AddEmployeeTest -->
