<?xml version="1.0" encoding="UTF-8"?>
<!-- Generated by org.testng.reporters.JUnitXMLReporter -->
<testsuite ignored="0" hostname="DESKTOP-K0KFVFH" failures="0" tests="6" name="EmployeeList" time="23.132" errors="0" timestamp="2024-05-15T17:01:33 IST">
  <testcase classname="com.OrangeHRMApplication_Testcases.OHRM_GetEmployeeList_WriteExcel_TestNG" name="oHRM_LoginPage_Validation" time="0.24"/>
  <testcase classname="com.OrangeHRMApplication_Testcases.OHRM_GetEmployeeList_WriteExcel_TestNG" name="oHRM_Login_Test" time="2.156"/>
  <testcase classname="com.OrangeHRMApplication_Testcases.OHRM_GetEmployeeList_WriteExcel_TestNG" name="oHRM_Homepage_Validation" time="0.084"/>
  <testcase classname="com.OrangeHRMApplication_Testcases.OHRM_GetEmployeeList_WriteExcel_TestNG" name="employeeListPage_Validation" time="3.99"/>
  <testcase classname="com.OrangeHRMApplication_Testcases.OHRM_GetEmployeeList_WriteExcel_TestNG" name="getEmployeeList" time="8.523"/>
  <testcase classname="com.OrangeHRMApplication_Testcases.OHRM_GetEmployeeList_WriteExcel_TestNG" name="logout_Test" time="5.996"/>
</testsuite> <!-- EmployeeList -->
