<?xml version="1.0" encoding="UTF-8"?>
<testng-results ignored="0" total="13" passed="13" failed="0" skipped="0">
  <reporter-output>
  </reporter-output>
  <suite started-at="2024-05-15T17:00:41 IST" name="OrangeHRMApplication" finished-at="2024-05-15T17:01:33 IST" duration-ms="51699">
    <groups>
    </groups>
    <test started-at="2024-05-15T17:00:41 IST" name="AddEmployeeTest" finished-at="2024-05-15T17:01:10 IST" duration-ms="28501">
      <class name="com.OrangeHRMApplication_Testcases.AddEmployee_Validation_Excel_TestNG">
        <test-method is-config="true" signature="applicationLaunch()[pri:0, instance:com.OrangeHRMApplication_Testcases.AddEmployee_Validation_Excel_TestNG@2ed2d9cb]" started-at="2024-05-15T17:00:41 IST" name="applicationLaunch" finished-at="2024-05-15T17:00:45 IST" duration-ms="3419" status="PASS">
          <reporter-output>
          </reporter-output>
        </test-method> <!-- applicationLaunch -->
        <test-method signature="oHRM_LOginpage_Validation()[pri:1, instance:com.OrangeHRMApplication_Testcases.AddEmployee_Validation_Excel_TestNG@2ed2d9cb]" started-at="2024-05-15T17:00:45 IST" name="oHRM_LOginpage_Validation" finished-at="2024-05-15T17:00:46 IST" duration-ms="1112" status="PASS">
          <reporter-output>
          </reporter-output>
        </test-method> <!-- oHRM_LOginpage_Validation -->
        <test-method signature="oHRM_LoginPage_Test()[pri:2, instance:com.OrangeHRMApplication_Testcases.AddEmployee_Validation_Excel_TestNG@2ed2d9cb]" started-at="2024-05-15T17:00:46 IST" name="oHRM_LoginPage_Test" finished-at="2024-05-15T17:00:49 IST" duration-ms="2877" status="PASS">
          <reporter-output>
          </reporter-output>
        </test-method> <!-- oHRM_LoginPage_Test -->
        <test-method signature="oHRM_Homepage_Validation()[pri:3, instance:com.OrangeHRMApplication_Testcases.AddEmployee_Validation_Excel_TestNG@2ed2d9cb]" started-at="2024-05-15T17:00:49 IST" name="oHRM_Homepage_Validation" finished-at="2024-05-15T17:00:49 IST" duration-ms="69" status="PASS">
          <reporter-output>
          </reporter-output>
        </test-method> <!-- oHRM_Homepage_Validation -->
        <test-method signature="addEmployeePage_Validation()[pri:4, instance:com.OrangeHRMApplication_Testcases.AddEmployee_Validation_Excel_TestNG@2ed2d9cb]" started-at="2024-05-15T17:00:49 IST" name="addEmployeePage_Validation" finished-at="2024-05-15T17:00:50 IST" duration-ms="1273" status="PASS">
          <reporter-output>
          </reporter-output>
        </test-method> <!-- addEmployeePage_Validation -->
        <test-method signature="addEmployeePage_Test()[pri:5, instance:com.OrangeHRMApplication_Testcases.AddEmployee_Validation_Excel_TestNG@2ed2d9cb]" started-at="2024-05-15T17:00:50 IST" name="addEmployeePage_Test" finished-at="2024-05-15T17:01:03 IST" duration-ms="12997" status="PASS">
          <reporter-output>
          </reporter-output>
        </test-method> <!-- addEmployeePage_Test -->
        <test-method signature="logout_Test()[pri:6, instance:com.OrangeHRMApplication_Testcases.AddEmployee_Validation_Excel_TestNG@2ed2d9cb]" started-at="2024-05-15T17:01:03 IST" name="logout_Test" finished-at="2024-05-15T17:01:09 IST" duration-ms="6060" status="PASS">
          <reporter-output>
          </reporter-output>
        </test-method> <!-- logout_Test -->
        <test-method signature="loginPage_Validation_AfterLogout()[pri:7, instance:com.OrangeHRMApplication_Testcases.AddEmployee_Validation_Excel_TestNG@2ed2d9cb]" started-at="2024-05-15T17:01:09 IST" name="loginPage_Validation_AfterLogout" finished-at="2024-05-15T17:01:09 IST" duration-ms="217" status="PASS">
          <reporter-output>
          </reporter-output>
        </test-method> <!-- loginPage_Validation_AfterLogout -->
        <test-method is-config="true" signature="applicationClose()[pri:0, instance:com.OrangeHRMApplication_Testcases.AddEmployee_Validation_Excel_TestNG@2ed2d9cb]" started-at="2024-05-15T17:01:09 IST" name="applicationClose" finished-at="2024-05-15T17:01:10 IST" duration-ms="353" status="PASS">
          <reporter-output>
          </reporter-output>
        </test-method> <!-- applicationClose -->
      </class> <!-- com.OrangeHRMApplication_Testcases.AddEmployee_Validation_Excel_TestNG -->
    </test> <!-- AddEmployeeTest -->
    <test started-at="2024-05-15T17:01:10 IST" name="EmployeeList" finished-at="2024-05-15T17:01:33 IST" duration-ms="23132">
      <class name="com.OrangeHRMApplication_Testcases.OHRM_GetEmployeeList_WriteExcel_TestNG">
        <test-method is-config="true" signature="applicationLaunch()[pri:0, instance:com.OrangeHRMApplication_Testcases.OHRM_GetEmployeeList_WriteExcel_TestNG@3f6f6701]" started-at="2024-05-15T17:01:10 IST" name="applicationLaunch" finished-at="2024-05-15T17:01:12 IST" duration-ms="1958" status="PASS">
          <reporter-output>
          </reporter-output>
        </test-method> <!-- applicationLaunch -->
        <test-method signature="oHRM_LoginPage_Validation()[pri:1, instance:com.OrangeHRMApplication_Testcases.OHRM_GetEmployeeList_WriteExcel_TestNG@3f6f6701]" started-at="2024-05-15T17:01:12 IST" name="oHRM_LoginPage_Validation" finished-at="2024-05-15T17:01:12 IST" duration-ms="240" status="PASS">
          <reporter-output>
          </reporter-output>
        </test-method> <!-- oHRM_LoginPage_Validation -->
        <test-method signature="oHRM_Login_Test()[pri:2, instance:com.OrangeHRMApplication_Testcases.OHRM_GetEmployeeList_WriteExcel_TestNG@3f6f6701]" started-at="2024-05-15T17:01:12 IST" name="oHRM_Login_Test" finished-at="2024-05-15T17:01:14 IST" duration-ms="2156" status="PASS">
          <reporter-output>
          </reporter-output>
        </test-method> <!-- oHRM_Login_Test -->
        <test-method signature="oHRM_Homepage_Validation()[pri:3, instance:com.OrangeHRMApplication_Testcases.OHRM_GetEmployeeList_WriteExcel_TestNG@3f6f6701]" started-at="2024-05-15T17:01:14 IST" name="oHRM_Homepage_Validation" finished-at="2024-05-15T17:01:14 IST" duration-ms="84" status="PASS">
          <reporter-output>
          </reporter-output>
        </test-method> <!-- oHRM_Homepage_Validation -->
        <test-method signature="employeeListPage_Validation()[pri:4, instance:com.OrangeHRMApplication_Testcases.OHRM_GetEmployeeList_WriteExcel_TestNG@3f6f6701]" started-at="2024-05-15T17:01:14 IST" name="employeeListPage_Validation" finished-at="2024-05-15T17:01:18 IST" duration-ms="3990" status="PASS">
          <reporter-output>
          </reporter-output>
        </test-method> <!-- employeeListPage_Validation -->
        <test-method signature="getEmployeeList()[pri:5, instance:com.OrangeHRMApplication_Testcases.OHRM_GetEmployeeList_WriteExcel_TestNG@3f6f6701]" started-at="2024-05-15T17:01:18 IST" name="getEmployeeList" finished-at="2024-05-15T17:01:27 IST" duration-ms="8523" status="PASS">
          <reporter-output>
          </reporter-output>
        </test-method> <!-- getEmployeeList -->
        <test-method signature="logout_Test()[pri:6, instance:com.OrangeHRMApplication_Testcases.OHRM_GetEmployeeList_WriteExcel_TestNG@3f6f6701]" started-at="2024-05-15T17:01:27 IST" name="logout_Test" finished-at="2024-05-15T17:01:33 IST" duration-ms="5996" status="PASS">
          <reporter-output>
          </reporter-output>
        </test-method> <!-- logout_Test -->
        <test-method is-config="true" signature="applicationClose()[pri:0, instance:com.OrangeHRMApplication_Testcases.OHRM_GetEmployeeList_WriteExcel_TestNG@3f6f6701]" started-at="2024-05-15T17:01:33 IST" name="applicationClose" finished-at="2024-05-15T17:01:33 IST" duration-ms="157" status="PASS">
          <reporter-output>
          </reporter-output>
        </test-method> <!-- applicationClose -->
      </class> <!-- com.OrangeHRMApplication_Testcases.OHRM_GetEmployeeList_WriteExcel_TestNG -->
    </test> <!-- EmployeeList -->
  </suite> <!-- OrangeHRMApplication -->
</testng-results>
